0 info it worked if it ends with ok
1 verbose cli [ '/usr/bin/node',
1 verbose cli   '/usr/bin/npm',
1 verbose cli   'install',
1 verbose cli   '-g',
1 verbose cli   'normalize.css' ]
2 info using npm@1.4.28
3 info using node@v0.10.36
4 verbose node symlink /usr/bin/node
5 verbose cache add [ 'normalize.css', null ]
6 verbose cache add name=undefined spec="normalize.css" args=["normalize.css",null]
7 verbose parsed url { protocol: null,
7 verbose parsed url   slashes: null,
7 verbose parsed url   auth: null,
7 verbose parsed url   host: null,
7 verbose parsed url   port: null,
7 verbose parsed url   hostname: null,
7 verbose parsed url   hash: null,
7 verbose parsed url   search: null,
7 verbose parsed url   query: null,
7 verbose parsed url   pathname: 'normalize.css',
7 verbose parsed url   path: 'normalize.css',
7 verbose parsed url   href: 'normalize.css' }
8 silly lockFile baf8eabf-normalize-css normalize.css
9 verbose lock normalize.css /home/jocen/.npm/baf8eabf-normalize-css.lock
10 silly lockFile baf8eabf-normalize-css normalize.css
11 silly lockFile baf8eabf-normalize-css normalize.css
12 verbose addNamed [ 'normalize.css', '' ]
13 verbose addNamed [ null, '*' ]
14 silly lockFile 70dd7003-normalize-css normalize.css@
15 verbose lock normalize.css@ /home/jocen/.npm/70dd7003-normalize-css.lock
16 silly addNameRange { name: 'normalize.css', range: '*', hasData: false }
17 verbose request where is /normalize.css
18 verbose request registry https://registry.npmjs.org/
19 verbose request id 0ac1976b3d948149
20 verbose url raw /normalize.css
21 verbose url resolving [ 'https://registry.npmjs.org/', './normalize.css' ]
22 verbose url resolved https://registry.npmjs.org/normalize.css
23 verbose request where is https://registry.npmjs.org/normalize.css
24 info trying registry request attempt 1 at 18:44:07
25 http GET https://registry.npmjs.org/normalize.css
26 http 200 https://registry.npmjs.org/normalize.css
27 silly registry.get cb [ 200,
27 silly registry.get   { date: 'Tue, 03 Feb 2015 00:44:20 GMT',
27 silly registry.get     server: 'CouchDB/1.5.0 (Erlang OTP/R16B03)',
27 silly registry.get     etag: '"8UQTJW742O1OUUS56ZD5RGJXM"',
27 silly registry.get     'content-type': 'application/json',
27 silly registry.get     'cache-control': 'max-age=60',
27 silly registry.get     'content-length': '6883',
27 silly registry.get     'accept-ranges': 'bytes',
27 silly registry.get     via: '1.1 varnish',
27 silly registry.get     age: '0',
27 silly registry.get     'x-served-by': 'cache-dfw1826-DFW',
27 silly registry.get     'x-cache': 'MISS',
27 silly registry.get     'x-cache-hits': '0',
27 silly registry.get     'x-timer': 'S1422924259.806003,VS0,VE257',
27 silly registry.get     vary: 'Accept',
27 silly registry.get     'keep-alive': 'timeout=10, max=50',
27 silly registry.get     connection: 'Keep-Alive' } ]
28 silly addNameRange number 2 { name: 'normalize.css', range: '*', hasData: true }
29 silly addNameRange versions [ 'normalize.css', [ '0.0.1', '3.0.1', '3.0.2' ] ]
30 verbose addNamed [ 'normalize.css', '3.0.2' ]
31 verbose addNamed [ '3.0.2', '3.0.2' ]
32 silly lockFile 6cf70175-normalize-css-3-0-2 normalize.css@3.0.2
33 verbose lock normalize.css@3.0.2 /home/jocen/.npm/6cf70175-normalize-css-3-0-2.lock
34 silly lockFile a7336a8a-lize-css-normalize-css-3-0-2-tgz https://registry.npmjs.org/normalize.css/-/normalize.css-3.0.2.tgz
35 verbose lock https://registry.npmjs.org/normalize.css/-/normalize.css-3.0.2.tgz /home/jocen/.npm/a7336a8a-lize-css-normalize-css-3-0-2-tgz.lock
36 verbose addRemoteTarball [ 'https://registry.npmjs.org/normalize.css/-/normalize.css-3.0.2.tgz',
36 verbose addRemoteTarball   '060310d24f5e0394f3a42672edb6e80956e8efd4' ]
37 info retry fetch attempt 1 at 18:44:19
38 verbose fetch to= /tmp/npm-10732-nSNdhO0l/registry.npmjs.org/normalize.css/-/normalize.css-3.0.2.tgz
39 http GET https://registry.npmjs.org/normalize.css/-/normalize.css-3.0.2.tgz
40 http 200 https://registry.npmjs.org/normalize.css/-/normalize.css-3.0.2.tgz
41 silly lockFile a7336a8a-lize-css-normalize-css-3-0-2-tgz https://registry.npmjs.org/normalize.css/-/normalize.css-3.0.2.tgz
42 silly lockFile a7336a8a-lize-css-normalize-css-3-0-2-tgz https://registry.npmjs.org/normalize.css/-/normalize.css-3.0.2.tgz
43 silly lockFile 6cf70175-normalize-css-3-0-2 normalize.css@3.0.2
44 silly lockFile 6cf70175-normalize-css-3-0-2 normalize.css@3.0.2
45 silly lockFile 70dd7003-normalize-css normalize.css@
46 silly lockFile 70dd7003-normalize-css normalize.css@
47 silly resolved [ { name: 'normalize.css',
47 silly resolved     version: '3.0.2',
47 silly resolved     description: 'Normalize.css as a node packaged module',
47 silly resolved     style: 'normalize.css',
47 silly resolved     files: [ 'normalize.css' ],
47 silly resolved     homepage: 'http://necolas.github.io/normalize.css',
47 silly resolved     repository:
47 silly resolved      { type: 'git',
47 silly resolved        url: 'git://github.com/necolas/normalize.css.git' },
47 silly resolved     author: { name: 'Nicolas Gallagher' },
47 silly resolved     license: 'MIT',
47 silly resolved     gitHead: 'd83132802e8bc10ece0c0afbe88fce83674ec252',
47 silly resolved     bugs: { url: 'https://github.com/necolas/normalize.css/issues' },
47 silly resolved     _id: 'normalize.css@3.0.2',
47 silly resolved     scripts: {},
47 silly resolved     _shasum: '060310d24f5e0394f3a42672edb6e80956e8efd4',
47 silly resolved     _from: 'normalize.css@',
47 silly resolved     _npmVersion: '1.4.26',
47 silly resolved     _npmUser: { name: 'necolas', email: 'nicolasgallagher@gmail.com' },
47 silly resolved     maintainers: [ [Object], [Object] ],
47 silly resolved     dist:
47 silly resolved      { shasum: '060310d24f5e0394f3a42672edb6e80956e8efd4',
47 silly resolved        tarball: 'http://registry.npmjs.org/normalize.css/-/normalize.css-3.0.2.tgz' },
47 silly resolved     directories: {},
47 silly resolved     _resolved: 'https://registry.npmjs.org/normalize.css/-/normalize.css-3.0.2.tgz' } ]
48 info install normalize.css@3.0.2 into /usr/lib
49 info installOne normalize.css@3.0.2
50 verbose lib/node_modules/normalize.css unbuild
51 verbose tar unpack /home/jocen/.npm/normalize.css/3.0.2/package.tgz
52 silly lockFile 161bd2f9-r-lib-node-modules-normalize-css tar:///usr/lib/node_modules/normalize.css
53 verbose lock tar:///usr/lib/node_modules/normalize.css /home/jocen/.npm/161bd2f9-r-lib-node-modules-normalize-css.lock
54 silly lockFile 8b9b3db3--normalize-css-3-0-2-package-tgz tar:///home/jocen/.npm/normalize.css/3.0.2/package.tgz
55 verbose lock tar:///home/jocen/.npm/normalize.css/3.0.2/package.tgz /home/jocen/.npm/8b9b3db3--normalize-css-3-0-2-package-tgz.lock
56 silly gunzTarPerm modes [ '775', '664' ]
57 error Error: EACCES, mkdir '/usr/lib/node_modules/normalize.css'
57 error  { [Error: EACCES, mkdir '/usr/lib/node_modules/normalize.css']
57 error   errno: 3,
57 error   code: 'EACCES',
57 error   path: '/usr/lib/node_modules/normalize.css',
57 error   fstream_type: 'Directory',
57 error   fstream_path: '/usr/lib/node_modules/normalize.css',
57 error   fstream_class: 'DirWriter',
57 error   fstream_stack:
57 error    [ '/usr/lib/node_modules/npm/node_modules/fstream/lib/dir-writer.js:36:23',
57 error      '/usr/lib/node_modules/npm/node_modules/mkdirp/index.js:46:53',
57 error      'Object.oncomplete (fs.js:108:15)' ] }
58 error Please try running this command again as root/Administrator.
59 error System Linux 3.13.0-24-generic
60 error command "/usr/bin/node" "/usr/bin/npm" "install" "-g" "normalize.css"
61 error cwd /home/jocen/repositorios/calendartest/css
62 error node -v v0.10.36
63 error npm -v 1.4.28
64 error path /usr/lib/node_modules/normalize.css
65 error fstream_path /usr/lib/node_modules/normalize.css
66 error fstream_type Directory
67 error fstream_class DirWriter
68 error code EACCES
69 error errno 3
70 error stack Error: EACCES, mkdir '/usr/lib/node_modules/normalize.css'
71 error fstream_stack /usr/lib/node_modules/npm/node_modules/fstream/lib/dir-writer.js:36:23
71 error fstream_stack /usr/lib/node_modules/npm/node_modules/mkdirp/index.js:46:53
71 error fstream_stack Object.oncomplete (fs.js:108:15)
72 verbose exit [ 3, true ]
